# JRE version: Java(TM) SE Runtime Environment (21.0.3+7) (build 21.0.3+7-LTS-152)
# Java VM: Java HotSpot(TM) 64-Bit Server VM (21.0.3+7-LTS-152, mixed mode, sharing, tiered, compressed oops, compressed class ptrs, g1 gc, windows-amd64)
GC Precious Log:
 CardTable entry size: 512
 Card Set container configuration: InlinePtr #cards 5 size 8 Array Of Cards #cards 12 size 40 Howl #buckets 4 coarsen threshold 1843 Howl Bitmap #cards 512 size 80 coarsen threshold 460 Card regions per heap region 1 cards per card region 2048
 CPUs: 4 total, 4 available
 Memory: 3546M
 Large Page Support: Disabled
 NUMA Support: Disabled
 Compressed Oops: Enabled (32-bit)
 Heap Region Size: 1M
 Heap Min Capacity: 8M
 Heap Initial Capacity: 56M
 Heap Max Capacity: 888M
 Pre-touch: Disabled
 Parallel Workers: 4
 Concurrent Workers: 1
 Concurrent Refinement Workers: 4
 Periodic GC: Disabled
Heap:
 garbage-first heap   total 57344K, used 34968K [0x00000000c8800000, 0x0000000100000000)
  region size 1024K, 10 young (10240K), 3 survivors (3072K)
 Metaspace       used 64677K, committed 65344K, reserved 1114112K
  class space    used 8655K, committed 8960K, reserved 1048576K
GC Heap History (20 events):
Event: 12.961 GC heap before
{Heap before GC invocations=6 (full 0):
 garbage-first heap   total 57344K, used 43643K [0x00000000c8800000, 0x0000000100000000)
  region size 1024K, 31 young (31744K), 3 survivors (3072K)
 Metaspace       used 23775K, committed 24064K, reserved 1114112K
  class space    used 2964K, committed 3072K, reserved 1048576K
}
Event: 12.973 GC heap after
{Heap after GC invocations=7 (full 0):
 garbage-first heap   total 57344K, used 17463K [0x00000000c8800000, 0x0000000100000000)
  region size 1024K, 3 young (3072K), 3 survivors (3072K)
 Metaspace       used 23775K, committed 24064K, reserved 1114112K
  class space    used 2964K, committed 3072K, reserved 1048576K
}
Event: 15.581 GC heap before
{Heap before GC invocations=7 (full 0):
 garbage-first heap   total 57344K, used 46135K [0x00000000c8800000, 0x0000000100000000)
  region size 1024K, 31 young (31744K), 3 survivors (3072K)
 Metaspace       used 27455K, committed 27776K, reserved 1114112K
  class space    used 3441K, committed 3584K, reserved 1048576K
}
Event: 15.600 GC heap after
{Heap after GC invocations=8 (full 0):
 garbage-first heap   total 57344K, used 19189K [0x00000000c8800000, 0x0000000100000000)
  region size 1024K, 2 young (2048K), 2 survivors (2048K)
 Metaspace       used 27455K, committed 27776K, reserved 1114112K
  class space    used 3441K, committed 3584K, reserved 1048576K
}
Event: 18.806 GC heap before
{Heap before GC invocations=8 (full 0):
 garbage-first heap   total 57344K, used 46837K [0x00000000c8800000, 0x0000000100000000)
  region size 1024K, 30 young (30720K), 2 survivors (2048K)
 Metaspace       used 31963K, committed 32448K, reserved 1114112K
  class space    used 4133K, committed 4352K, reserved 1048576K
}
Event: 18.819 GC heap after
{Heap after GC invocations=9 (full 0):
 garbage-first heap   total 57344K, used 21886K [0x00000000c8800000, 0x0000000100000000)
  region size 1024K, 4 young (4096K), 4 survivors (4096K)
 Metaspace       used 31963K, committed 32448K, reserved 1114112K
  class space    used 4133K, committed 4352K, reserved 1048576K
}
Event: 21.676 GC heap before
{Heap before GC invocations=9 (full 0):
 garbage-first heap   total 57344K, used 46462K [0x00000000c8800000, 0x0000000100000000)
  region size 1024K, 29 young (29696K), 4 survivors (4096K)
 Metaspace       used 35109K, committed 35648K, reserved 1114112K
  class space    used 4497K, committed 4736K, reserved 1048576K
}
Event: 21.690 GC heap after
{Heap after GC invocations=10 (full 0):
 garbage-first heap   total 57344K, used 23994K [0x00000000c8800000, 0x0000000100000000)
  region size 1024K, 2 young (2048K), 2 survivors (2048K)
 Metaspace       used 35109K, committed 35648K, reserved 1114112K
  class space    used 4497K, committed 4736K, reserved 1048576K
}
Event: 21.927 GC heap before
{Heap before GC invocations=10 (full 0):
 garbage-first heap   total 57344K, used 27066K [0x00000000c8800000, 0x0000000100000000)
  region size 1024K, 6 young (6144K), 2 survivors (2048K)
 Metaspace       used 35465K, committed 35968K, reserved 1114112K
  class space    used 4566K, committed 4800K, reserved 1048576K
}
Event: 21.932 GC heap after
{Heap after GC invocations=11 (full 0):
 garbage-first heap   total 57344K, used 23903K [0x00000000c8800000, 0x0000000100000000)
  region size 1024K, 2 young (2048K), 2 survivors (2048K)
 Metaspace       used 35465K, committed 35968K, reserved 1114112K
  class space    used 4566K, committed 4800K, reserved 1048576K
}
Event: 24.839 GC heap before
{Heap before GC invocations=12 (full 0):
 garbage-first heap   total 57344K, used 48479K [0x00000000c8800000, 0x0000000100000000)
  region size 1024K, 27 young (27648K), 2 survivors (2048K)
 Metaspace       used 42753K, committed 43392K, reserved 1114112K
  class space    used 5646K, committed 5952K, reserved 1048576K
}
Event: 24.848 GC heap after
{Heap after GC invocations=13 (full 0):
 garbage-first heap   total 57344K, used 25759K [0x00000000c8800000, 0x0000000100000000)
  region size 1024K, 4 young (4096K), 4 survivors (4096K)
 Metaspace       used 42753K, committed 43392K, reserved 1114112K
  class space    used 5646K, committed 5952K, reserved 1048576K
}
Event: 31.102 GC heap before
{Heap before GC invocations=13 (full 0):
 garbage-first heap   total 57344K, used 47263K [0x00000000c8800000, 0x0000000100000000)
  region size 1024K, 26 young (26624K), 4 survivors (4096K)
 Metaspace       used 52148K, committed 52736K, reserved 1114112K
  class space    used 6788K, committed 7040K, reserved 1048576K
}
Event: 31.114 GC heap after
{Heap after GC invocations=14 (full 0):
 garbage-first heap   total 57344K, used 27499K [0x00000000c8800000, 0x0000000100000000)
  region size 1024K, 4 young (4096K), 4 survivors (4096K)
 Metaspace       used 52148K, committed 52736K, reserved 1114112K
  class space    used 6788K, committed 7040K, reserved 1048576K
}
Event: 33.773 GC heap before
{Heap before GC invocations=14 (full 0):
 garbage-first heap   total 57344K, used 47979K [0x00000000c8800000, 0x0000000100000000)
  region size 1024K, 25 young (25600K), 4 survivors (4096K)
 Metaspace       used 57042K, committed 57664K, reserved 1114112K
  class space    used 7378K, committed 7680K, reserved 1048576K
}
Event: 33.785 GC heap after
{Heap after GC invocations=15 (full 0):
 garbage-first heap   total 57344K, used 29205K [0x00000000c8800000, 0x0000000100000000)
  region size 1024K, 2 young (2048K), 2 survivors (2048K)
 Metaspace       used 57042K, committed 57664K, reserved 1114112K
  class space    used 7378K, committed 7680K, reserved 1048576K
}
Event: 34.844 GC heap before
{Heap before GC invocations=15 (full 0):
 garbage-first heap   total 57344K, used 35349K [0x00000000c8800000, 0x0000000100000000)
  region size 1024K, 9 young (9216K), 2 survivors (2048K)
 Metaspace       used 59999K, committed 60608K, reserved 1114112K
  class space    used 7872K, committed 8192K, reserved 1048576K
}
Event: 34.850 GC heap after
{Heap after GC invocations=16 (full 0):
 garbage-first heap   total 57344K, used 29302K [0x00000000c8800000, 0x0000000100000000)
  region size 1024K, 2 young (2048K), 2 survivors (2048K)
 Metaspace       used 59999K, committed 60608K, reserved 1114112K
  class space    used 7872K, committed 8192K, reserved 1048576K
}
Event: 36.754 GC heap before
{Heap before GC invocations=17 (full 0):
 garbage-first heap   total 57344K, used 50806K [0x00000000c8800000, 0x0000000100000000)
  region size 1024K, 23 young (23552K), 2 survivors (2048K)
 Metaspace       used 62903K, committed 63552K, reserved 1114112K
  class space    used 8388K, committed 8704K, reserved 1048576K
}
Event: 36.760 GC heap after
{Heap after GC invocations=18 (full 0):
 garbage-first heap   total 57344K, used 29848K [0x00000000c8800000, 0x0000000100000000)
  region size 1024K, 3 young (3072K), 3 survivors (3072K)
 Metaspace       used 62903K, committed 63552K, reserved 1114112K
  class space    used 8388K, committed 8704K, reserved 1048576K
}

