# JRE version: Java(TM) SE Runtime Environment (21.0.3+7) (build 21.0.3+7-LTS-152)
# Java VM: Java HotSpot(TM) 64-Bit Server VM (21.0.3+7-LTS-152, mixed mode, sharing, tiered, compressed oops, compressed class ptrs, g1 gc, windows-amd64)
GC Precious Log:
 CardTable entry size: 512
 Card Set container configuration: InlinePtr #cards 5 size 8 Array Of Cards #cards 12 size 40 Howl #buckets 4 coarsen threshold 1843 Howl Bitmap #cards 512 size 80 coarsen threshold 460 Card regions per heap region 1 cards per card region 2048
 CPUs: 4 total, 4 available
 Memory: 3546M
 Large Page Support: Disabled
 NUMA Support: Disabled
 Compressed Oops: Enabled (32-bit)
 Heap Region Size: 1M
 Heap Min Capacity: 8M
 Heap Initial Capacity: 56M
 Heap Max Capacity: 888M
 Pre-touch: Disabled
 Parallel Workers: 4
 Concurrent Workers: 1
 Concurrent Refinement Workers: 4
 Periodic GC: Disabled
Heap:
 garbage-first heap   total 73728K, used 65871K [0x00000000c8800000, 0x0000000100000000)
  region size 1024K, 29 young (29696K), 1 survivors (1024K)
 Metaspace       used 83543K, committed 84736K, reserved 1179648K
  class space    used 11053K, committed 11584K, reserved 1048576K
GC Heap History (20 events):
Event: 1012.605 GC heap before
{Heap before GC invocations=39 (full 0):
 garbage-first heap   total 73728K, used 66574K [0x00000000c8800000, 0x0000000100000000)
  region size 1024K, 26 young (26624K), 1 survivors (1024K)
 Metaspace       used 83359K, committed 84288K, reserved 1179648K
  class space    used 11158K, committed 11584K, reserved 1048576K
}
Event: 1012.760 GC heap after
{Heap after GC invocations=40 (full 0):
 garbage-first heap   total 73728K, used 41017K [0x00000000c8800000, 0x0000000100000000)
  region size 1024K, 1 young (1024K), 1 survivors (1024K)
 Metaspace       used 83359K, committed 84288K, reserved 1179648K
  class space    used 11158K, committed 11584K, reserved 1048576K
}
Event: 1157.373 GC heap before
{Heap before GC invocations=40 (full 0):
 garbage-first heap   total 73728K, used 66617K [0x00000000c8800000, 0x0000000100000000)
  region size 1024K, 26 young (26624K), 1 survivors (1024K)
 Metaspace       used 83361K, committed 84288K, reserved 1179648K
  class space    used 11158K, committed 11584K, reserved 1048576K
}
Event: 1157.525 GC heap after
{Heap after GC invocations=41 (full 0):
 garbage-first heap   total 73728K, used 40844K [0x00000000c8800000, 0x0000000100000000)
  region size 1024K, 1 young (1024K), 1 survivors (1024K)
 Metaspace       used 83361K, committed 84288K, reserved 1179648K
  class space    used 11158K, committed 11584K, reserved 1048576K
}
Event: 1312.833 GC heap before
{Heap before GC invocations=41 (full 0):
 garbage-first heap   total 73728K, used 66444K [0x00000000c8800000, 0x0000000100000000)
  region size 1024K, 26 young (26624K), 1 survivors (1024K)
 Metaspace       used 83363K, committed 84288K, reserved 1179648K
  class space    used 11158K, committed 11584K, reserved 1048576K
}
Event: 1313.174 GC heap after
{Heap after GC invocations=42 (full 0):
 garbage-first heap   total 73728K, used 40736K [0x00000000c8800000, 0x0000000100000000)
  region size 1024K, 1 young (1024K), 1 survivors (1024K)
 Metaspace       used 83363K, committed 84288K, reserved 1179648K
  class space    used 11158K, committed 11584K, reserved 1048576K
}
Event: 1467.888 GC heap before
{Heap before GC invocations=42 (full 0):
 garbage-first heap   total 73728K, used 66336K [0x00000000c8800000, 0x0000000100000000)
  region size 1024K, 26 young (26624K), 1 survivors (1024K)
 Metaspace       used 83631K, committed 84480K, reserved 1179648K
  class space    used 11159K, committed 11584K, reserved 1048576K
}
Event: 1468.074 GC heap after
{Heap after GC invocations=43 (full 0):
 garbage-first heap   total 73728K, used 41006K [0x00000000c8800000, 0x0000000100000000)
  region size 1024K, 1 young (1024K), 1 survivors (1024K)
 Metaspace       used 83631K, committed 84480K, reserved 1179648K
  class space    used 11159K, committed 11584K, reserved 1048576K
}
Event: 1478.331 GC heap before
{Heap before GC invocations=44 (full 0):
 garbage-first heap   total 73728K, used 43054K [0x00000000c8800000, 0x0000000100000000)
  region size 1024K, 3 young (3072K), 1 survivors (1024K)
 Metaspace       used 83265K, committed 84608K, reserved 1179648K
  class space    used 11047K, committed 11584K, reserved 1048576K
}
Event: 1478.534 GC heap after
{Heap after GC invocations=45 (full 0):
 garbage-first heap   total 73728K, used 40995K [0x00000000c8800000, 0x0000000100000000)
  region size 1024K, 1 young (1024K), 1 survivors (1024K)
 Metaspace       used 83265K, committed 84608K, reserved 1179648K
  class space    used 11047K, committed 11584K, reserved 1048576K
}
Event: 1488.924 GC heap before
{Heap before GC invocations=45 (full 0):
 garbage-first heap   total 73728K, used 43043K [0x00000000c8800000, 0x0000000100000000)
  region size 1024K, 3 young (3072K), 1 survivors (1024K)
 Metaspace       used 83265K, committed 84608K, reserved 1179648K
  class space    used 11047K, committed 11584K, reserved 1048576K
}
Event: 1488.957 GC heap after
{Heap after GC invocations=46 (full 0):
 garbage-first heap   total 73728K, used 40160K [0x00000000c8800000, 0x0000000100000000)
  region size 1024K, 1 young (1024K), 1 survivors (1024K)
 Metaspace       used 83265K, committed 84608K, reserved 1179648K
  class space    used 11047K, committed 11584K, reserved 1048576K
}
Event: 1499.844 GC heap before
{Heap before GC invocations=46 (full 0):
 garbage-first heap   total 73728K, used 42208K [0x00000000c8800000, 0x0000000100000000)
  region size 1024K, 3 young (3072K), 1 survivors (1024K)
 Metaspace       used 83265K, committed 84608K, reserved 1179648K
  class space    used 11047K, committed 11584K, reserved 1048576K
}
Event: 1499.867 GC heap after
{Heap after GC invocations=47 (full 0):
 garbage-first heap   total 73728K, used 39415K [0x00000000c8800000, 0x0000000100000000)
  region size 1024K, 1 young (1024K), 1 survivors (1024K)
 Metaspace       used 83265K, committed 84608K, reserved 1179648K
  class space    used 11047K, committed 11584K, reserved 1048576K
}
Event: 1510.849 GC heap before
{Heap before GC invocations=47 (full 0):
 garbage-first heap   total 73728K, used 41463K [0x00000000c8800000, 0x0000000100000000)
  region size 1024K, 3 young (3072K), 1 survivors (1024K)
 Metaspace       used 83265K, committed 84608K, reserved 1179648K
  class space    used 11047K, committed 11584K, reserved 1048576K
}
Event: 1510.867 GC heap after
{Heap after GC invocations=48 (full 0):
 garbage-first heap   total 73728K, used 39069K [0x00000000c8800000, 0x0000000100000000)
  region size 1024K, 1 young (1024K), 1 survivors (1024K)
 Metaspace       used 83265K, committed 84608K, reserved 1179648K
  class space    used 11047K, committed 11584K, reserved 1048576K
}
Event: 1521.205 GC heap before
{Heap before GC invocations=48 (full 0):
 garbage-first heap   total 73728K, used 41117K [0x00000000c8800000, 0x0000000100000000)
  region size 1024K, 3 young (3072K), 1 survivors (1024K)
 Metaspace       used 83265K, committed 84608K, reserved 1179648K
  class space    used 11047K, committed 11584K, reserved 1048576K
}
Event: 1521.224 GC heap after
{Heap after GC invocations=49 (full 0):
 garbage-first heap   total 73728K, used 38723K [0x00000000c8800000, 0x0000000100000000)
  region size 1024K, 1 young (1024K), 1 survivors (1024K)
 Metaspace       used 83265K, committed 84608K, reserved 1179648K
  class space    used 11047K, committed 11584K, reserved 1048576K
}
Event: 1674.501 GC heap before
{Heap before GC invocations=49 (full 0):
 garbage-first heap   total 73728K, used 66371K [0x00000000c8800000, 0x0000000100000000)
  region size 1024K, 28 young (28672K), 1 survivors (1024K)
 Metaspace       used 83314K, committed 84608K, reserved 1179648K
  class space    used 11047K, committed 11584K, reserved 1048576K
}
Event: 1674.631 GC heap after
{Heap after GC invocations=50 (full 0):
 garbage-first heap   total 73728K, used 38223K [0x00000000c8800000, 0x0000000100000000)
  region size 1024K, 1 young (1024K), 1 survivors (1024K)
 Metaspace       used 83314K, committed 84608K, reserved 1179648K
  class space    used 11047K, committed 11584K, reserved 1048576K
}

