# JRE version: Java(TM) SE Runtime Environment (21.0.3+7) (build 21.0.3+7-LTS-152)
# Java VM: Java HotSpot(TM) 64-Bit Server VM (21.0.3+7-LTS-152, mixed mode, sharing, tiered, compressed oops, compressed class ptrs, g1 gc, windows-amd64)
GC Precious Log:
 CardTable entry size: 512
 Card Set container configuration: InlinePtr #cards 5 size 8 Array Of Cards #cards 12 size 40 Howl #buckets 4 coarsen threshold 1843 Howl Bitmap #cards 512 size 80 coarsen threshold 460 Card regions per heap region 1 cards per card region 2048
 CPUs: 4 total, 4 available
 Memory: 3546M
 Large Page Support: Disabled
 NUMA Support: Disabled
 Compressed Oops: Enabled (32-bit)
 Heap Region Size: 1M
 Heap Min Capacity: 8M
 Heap Initial Capacity: 56M
 Heap Max Capacity: 888M
 Pre-touch: Disabled
 Parallel Workers: 4
 Concurrent Workers: 1
 Concurrent Refinement Workers: 4
 Periodic GC: Disabled
Heap:
 garbage-first heap   total 55296K, used 33737K [0x00000000c8800000, 0x0000000100000000)
  region size 1024K, 13 young (13312K), 4 survivors (4096K)
 Metaspace       used 48166K, committed 48768K, reserved 1114112K
  class space    used 6269K, committed 6528K, reserved 1048576K
GC Heap History (20 events):
Event: 5.975 GC heap before
{Heap before GC invocations=1 (full 0):
 garbage-first heap   total 57344K, used 18144K [0x00000000c8800000, 0x0000000100000000)
  region size 1024K, 13 young (13312K), 2 survivors (2048K)
 Metaspace       used 5476K, committed 5696K, reserved 1114112K
  class space    used 600K, committed 704K, reserved 1048576K
}
Event: 5.982 GC heap after
{Heap after GC invocations=2 (full 0):
 garbage-first heap   total 57344K, used 7675K [0x00000000c8800000, 0x0000000100000000)
  region size 1024K, 1 young (1024K), 1 survivors (1024K)
 Metaspace       used 5476K, committed 5696K, reserved 1114112K
  class space    used 600K, committed 704K, reserved 1048576K
}
Event: 8.709 GC heap before
{Heap before GC invocations=2 (full 0):
 garbage-first heap   total 57344K, used 30203K [0x00000000c8800000, 0x0000000100000000)
  region size 1024K, 24 young (24576K), 1 survivors (1024K)
 Metaspace       used 11808K, committed 12160K, reserved 1114112K
  class space    used 1448K, committed 1600K, reserved 1048576K
}
Event: 8.716 GC heap after
{Heap after GC invocations=3 (full 0):
 garbage-first heap   total 57344K, used 9759K [0x00000000c8800000, 0x0000000100000000)
  region size 1024K, 3 young (3072K), 3 survivors (3072K)
 Metaspace       used 11808K, committed 12160K, reserved 1114112K
  class space    used 1448K, committed 1600K, reserved 1048576K
}
Event: 11.369 GC heap before
{Heap before GC invocations=3 (full 0):
 garbage-first heap   total 57344K, used 37407K [0x00000000c8800000, 0x0000000100000000)
  region size 1024K, 31 young (31744K), 3 survivors (3072K)
 Metaspace       used 18560K, committed 18816K, reserved 1114112K
  class space    used 2289K, committed 2432K, reserved 1048576K
}
Event: 11.382 GC heap after
{Heap after GC invocations=4 (full 0):
 garbage-first heap   total 57344K, used 12181K [0x00000000c8800000, 0x0000000100000000)
  region size 1024K, 3 young (3072K), 3 survivors (3072K)
 Metaspace       used 18560K, committed 18816K, reserved 1114112K
  class space    used 2289K, committed 2432K, reserved 1048576K
}
Event: 12.961 GC heap before
{Heap before GC invocations=4 (full 0):
 garbage-first heap   total 57344K, used 28565K [0x00000000c8800000, 0x0000000100000000)
  region size 1024K, 21 young (21504K), 3 survivors (3072K)
 Metaspace       used 21260K, committed 21504K, reserved 1114112K
  class space    used 2644K, committed 2752K, reserved 1048576K
}
Event: 12.971 GC heap after
{Heap after GC invocations=5 (full 0):
 garbage-first heap   total 57344K, used 14705K [0x00000000c8800000, 0x0000000100000000)
  region size 1024K, 3 young (3072K), 3 survivors (3072K)
 Metaspace       used 21260K, committed 21504K, reserved 1114112K
  class space    used 2644K, committed 2752K, reserved 1048576K
}
Event: 15.998 GC heap before
{Heap before GC invocations=6 (full 0):
 garbage-first heap   total 55296K, used 44401K [0x00000000c8800000, 0x0000000100000000)
  region size 1024K, 32 young (32768K), 3 survivors (3072K)
 Metaspace       used 24012K, committed 24320K, reserved 1114112K
  class space    used 2996K, committed 3136K, reserved 1048576K
}
Event: 16.009 GC heap after
{Heap after GC invocations=7 (full 0):
 garbage-first heap   total 55296K, used 17369K [0x00000000c8800000, 0x0000000100000000)
  region size 1024K, 3 young (3072K), 3 survivors (3072K)
 Metaspace       used 24012K, committed 24320K, reserved 1114112K
  class space    used 2996K, committed 3136K, reserved 1048576K
}
Event: 20.435 GC heap before
{Heap before GC invocations=7 (full 0):
 garbage-first heap   total 55296K, used 43993K [0x00000000c8800000, 0x0000000100000000)
  region size 1024K, 29 young (29696K), 3 survivors (3072K)
 Metaspace       used 27393K, committed 27776K, reserved 1114112K
  class space    used 3427K, committed 3584K, reserved 1048576K
}
Event: 20.446 GC heap after
{Heap after GC invocations=8 (full 0):
 garbage-first heap   total 55296K, used 19186K [0x00000000c8800000, 0x0000000100000000)
  region size 1024K, 2 young (2048K), 2 survivors (2048K)
 Metaspace       used 27393K, committed 27776K, reserved 1114112K
  class space    used 3427K, committed 3584K, reserved 1048576K
}
Event: 26.810 GC heap before
{Heap before GC invocations=8 (full 0):
 garbage-first heap   total 55296K, used 45810K [0x00000000c8800000, 0x0000000100000000)
  region size 1024K, 28 young (28672K), 2 survivors (2048K)
 Metaspace       used 31796K, committed 32256K, reserved 1114112K
  class space    used 4094K, committed 4288K, reserved 1048576K
}
Event: 26.822 GC heap after
{Heap after GC invocations=9 (full 0):
 garbage-first heap   total 55296K, used 21723K [0x00000000c8800000, 0x0000000100000000)
  region size 1024K, 4 young (4096K), 4 survivors (4096K)
 Metaspace       used 31796K, committed 32256K, reserved 1114112K
  class space    used 4094K, committed 4288K, reserved 1048576K
}
Event: 28.696 GC heap before
{Heap before GC invocations=9 (full 0):
 garbage-first heap   total 55296K, used 45275K [0x00000000c8800000, 0x0000000100000000)
  region size 1024K, 28 young (28672K), 4 survivors (4096K)
 Metaspace       used 35060K, committed 35584K, reserved 1114112K
  class space    used 4488K, committed 4736K, reserved 1048576K
}
Event: 28.710 GC heap after
{Heap after GC invocations=10 (full 0):
 garbage-first heap   total 55296K, used 23808K [0x00000000c8800000, 0x0000000100000000)
  region size 1024K, 2 young (2048K), 2 survivors (2048K)
 Metaspace       used 35060K, committed 35584K, reserved 1114112K
  class space    used 4488K, committed 4736K, reserved 1048576K
}
Event: 29.150 GC heap before
{Heap before GC invocations=10 (full 0):
 garbage-first heap   total 55296K, used 29952K [0x00000000c8800000, 0x0000000100000000)
  region size 1024K, 9 young (9216K), 2 survivors (2048K)
 Metaspace       used 35478K, committed 35968K, reserved 1114112K
  class space    used 4563K, committed 4800K, reserved 1048576K
}
Event: 29.155 GC heap after
{Heap after GC invocations=11 (full 0):
 garbage-first heap   total 55296K, used 23954K [0x00000000c8800000, 0x0000000100000000)
  region size 1024K, 2 young (2048K), 2 survivors (2048K)
 Metaspace       used 35478K, committed 35968K, reserved 1114112K
  class space    used 4563K, committed 4800K, reserved 1048576K
}
Event: 35.805 GC heap before
{Heap before GC invocations=12 (full 0):
 garbage-first heap   total 55296K, used 47506K [0x00000000c8800000, 0x0000000100000000)
  region size 1024K, 26 young (26624K), 2 survivors (2048K)
 Metaspace       used 42355K, committed 42944K, reserved 1114112K
  class space    used 5623K, committed 5888K, reserved 1048576K
}
Event: 36.567 GC heap after
{Heap after GC invocations=13 (full 0):
 garbage-first heap   total 55296K, used 25545K [0x00000000c8800000, 0x0000000100000000)
  region size 1024K, 4 young (4096K), 4 survivors (4096K)
 Metaspace       used 42355K, committed 42944K, reserved 1114112K
  class space    used 5623K, committed 5888K, reserved 1048576K
}

